16.06.2023 14:57:00 INFO SET A 55
16.06.2023 14:57:00 INFO SET B 34
16.06.2023 14:57:00 INFO SET WRK_DIR D:\prj\BatInspector\BatInspector\bin\Debug\../../../scripts
16.06.2023 14:57:00 INFO start SCRIPT: D:\prj\BatInspector\BatInspector\bin\Debug\../../../scripts\test_if.scr
16.06.2023 14:57:00 INFO execution of script D:\prj\BatInspector\BatInspector\bin\Debug\../../../scripts\test_if.scr completed
16.06.2023 14:57:00 INFO exit SCRIPT: test_if.scr
16.06.2023 14:57:00 INFO GET Result: "AlowBhigh"
16.06.2023 14:57:00 INFO GET Res2: "AlowBhigh"
16.06.2023 14:57:00 INFO SET A 55
16.06.2023 14:57:00 INFO SET B 32
16.06.2023 14:57:00 INFO SET WRK_DIR D:\prj\BatInspector\BatInspector\bin\Debug\../../../scripts
16.06.2023 14:57:00 INFO start SCRIPT: D:\prj\BatInspector\BatInspector\bin\Debug\../../../scripts\test_if.scr
16.06.2023 14:57:00 INFO execution of script D:\prj\BatInspector\BatInspector\bin\Debug\../../../scripts\test_if.scr completed
16.06.2023 14:57:00 INFO exit SCRIPT: test_if.scr
16.06.2023 14:57:00 INFO GET Result: "AlowBlow"
16.06.2023 14:57:00 INFO GET Res2: "AlowBlow"
16.06.2023 14:57:00 INFO SET A 101
16.06.2023 14:57:00 INFO SET B 34
16.06.2023 14:57:00 INFO SET WRK_DIR D:\prj\BatInspector\BatInspector\bin\Debug\../../../scripts
16.06.2023 14:57:00 INFO start SCRIPT: D:\prj\BatInspector\BatInspector\bin\Debug\../../../scripts\test_if.scr
16.06.2023 14:57:00 INFO execution of script D:\prj\BatInspector\BatInspector\bin\Debug\../../../scripts\test_if.scr completed
16.06.2023 14:57:00 INFO exit SCRIPT: test_if.scr
16.06.2023 14:57:00 INFO GET Result: "AhighBhigh"
16.06.2023 14:57:00 INFO GET Res2: "AhighBhigh"
16.06.2023 14:57:00 INFO SET A 101
16.06.2023 14:57:00 INFO SET B 33
16.06.2023 14:57:00 INFO SET WRK_DIR D:\prj\BatInspector\BatInspector\bin\Debug\../../../scripts
16.06.2023 14:57:00 INFO start SCRIPT: D:\prj\BatInspector\BatInspector\bin\Debug\../../../scripts\test_if.scr
16.06.2023 14:57:00 INFO execution of script D:\prj\BatInspector\BatInspector\bin\Debug\../../../scripts\test_if.scr completed
16.06.2023 14:57:00 INFO exit SCRIPT: test_if.scr
16.06.2023 14:57:00 INFO GET Result: "AhighBlow"
16.06.2023 14:57:00 INFO GET Res2: "AhighBhigh"
16.06.2023 14:57:00 INFO SET Limit 9
16.06.2023 14:57:00 INFO SET b 0
16.06.2023 14:57:00 INFO SET WRK_DIR D:\prj\BatInspector\BatInspector\bin\Debug\../../../scripts
16.06.2023 14:57:00 INFO start SCRIPT: D:\prj\BatInspector\BatInspector\bin\Debug\../../../scripts\test_while.scr
16.06.2023 14:57:00 INFO execution of script D:\prj\BatInspector\BatInspector\bin\Debug\../../../scripts\test_while.scr completed
16.06.2023 14:57:00 INFO exit SCRIPT: test_while.scr
16.06.2023 14:57:00 INFO GET sum: 9
16.06.2023 14:57:00 INFO SET Limit 23
16.06.2023 14:57:00 INFO SET b 0
16.06.2023 14:57:00 INFO SET WRK_DIR D:\prj\BatInspector\BatInspector\bin\Debug\../../../scripts
16.06.2023 14:57:00 INFO start SCRIPT: D:\prj\BatInspector\BatInspector\bin\Debug\../../../scripts\test_while.scr
16.06.2023 14:57:00 INFO execution of script D:\prj\BatInspector\BatInspector\bin\Debug\../../../scripts\test_while.scr completed
16.06.2023 14:57:00 INFO exit SCRIPT: test_while.scr
16.06.2023 14:57:00 INFO GET sum: 23
16.06.2023 14:57:00 INFO SET Limit 9
16.06.2023 14:57:00 INFO SET b 1
16.06.2023 14:57:00 INFO SET WRK_DIR D:\prj\BatInspector\BatInspector\bin\Debug\../../../scripts
16.06.2023 14:57:00 INFO start SCRIPT: D:\prj\BatInspector\BatInspector\bin\Debug\../../../scripts\test_while.scr
16.06.2023 14:57:00 INFO execution of script D:\prj\BatInspector\BatInspector\bin\Debug\../../../scripts\test_while.scr completed
16.06.2023 14:57:00 INFO exit SCRIPT: test_while.scr
16.06.2023 14:57:00 INFO GET sum: 5
16.06.2023 14:57:00 INFO SET Limit 23
16.06.2023 14:57:00 INFO SET b 1
16.06.2023 14:57:00 INFO SET WRK_DIR D:\prj\BatInspector\BatInspector\bin\Debug\../../../scripts
16.06.2023 14:57:00 INFO start SCRIPT: D:\prj\BatInspector\BatInspector\bin\Debug\../../../scripts\test_while.scr
16.06.2023 14:57:00 INFO execution of script D:\prj\BatInspector\BatInspector\bin\Debug\../../../scripts\test_while.scr completed
16.06.2023 14:57:00 INFO exit SCRIPT: test_while.scr
16.06.2023 14:57:00 INFO GET sum: 5
16.06.2023 14:57:00 INFO Testing parser
16.06.2023 14:57:00 ERROR error parsing date: 22
16.06.2023 14:57:00 INFO SET WRK_DIR D:\prj\BatInspector\BatInspector\bin\Debug\../../../scripts
16.06.2023 14:57:00 INFO start SCRIPT: D:\prj\BatInspector\BatInspector\bin\Debug\../../../scripts\test_csv.scr
16.06.2023 14:57:00 DEBUG [Csv] file D:\prj\BatInspector\BatInspector\bin\Debug\../../../scripts/testcsv.csv opened successfully
16.06.2023 14:57:00 INFO C23: 23
16.06.2023 14:57:00 INFO C43: 43
16.06.2023 14:57:00 INFO C55: 55
16.06.2023 14:57:00 INFO C62: 62
16.06.2023 14:57:00 INFO C123: 123
16.06.2023 14:57:00 INFO C23: 23
16.06.2023 14:57:00 INFO Row 2: 23
16.06.2023 14:57:00 INFO Row 3: 33
16.06.2023 14:57:00 INFO Row 4: 43
16.06.2023 14:57:00 INFO Row 5: 53
16.06.2023 14:57:00 INFO Row 6: 63
16.06.2023 14:57:00 INFO Row 7: 73
16.06.2023 14:57:00 INFO execution of script D:\prj\BatInspector\BatInspector\bin\Debug\../../../scripts\test_csv.scr completed
16.06.2023 14:57:00 INFO exit SCRIPT: test_csv.scr
16.06.2023 14:57:00 INFO GET c23: 23
16.06.2023 14:57:00 INFO GET c123: 123
16.06.2023 14:57:00 INFO GET c43: 43
16.06.2023 14:57:00 INFO GET c55: 55
16.06.2023 14:57:00 INFO GET c62: 62
