14.06.2023 12:58:23 INFO SET A 55
14.06.2023 12:58:23 INFO SET B 34
14.06.2023 12:58:23 INFO SET WRK_DIR G:\prj\BatInspector\BatInspector\bin\Debug\../../../scripts
14.06.2023 12:58:23 INFO start SCRIPT: G:\prj\BatInspector\BatInspector\bin\Debug\../../../scripts\test_if.scr
14.06.2023 12:58:23 INFO execution of script G:\prj\BatInspector\BatInspector\bin\Debug\../../../scripts\test_if.scr completed
14.06.2023 12:58:23 INFO exit SCRIPT: test_if.scr
14.06.2023 12:58:23 INFO GET Result: "AlowBhigh"
14.06.2023 12:58:23 INFO GET Res2: "AlowBhigh"
14.06.2023 12:58:23 INFO SET A 55
14.06.2023 12:58:23 INFO SET B 32
14.06.2023 12:58:23 INFO SET WRK_DIR G:\prj\BatInspector\BatInspector\bin\Debug\../../../scripts
14.06.2023 12:58:23 INFO start SCRIPT: G:\prj\BatInspector\BatInspector\bin\Debug\../../../scripts\test_if.scr
14.06.2023 12:58:23 INFO execution of script G:\prj\BatInspector\BatInspector\bin\Debug\../../../scripts\test_if.scr completed
14.06.2023 12:58:23 INFO exit SCRIPT: test_if.scr
14.06.2023 12:58:23 INFO GET Result: "AlowBlow"
14.06.2023 12:58:23 INFO GET Res2: "AlowBlow"
14.06.2023 12:58:23 INFO SET A 101
14.06.2023 12:58:23 INFO SET B 34
14.06.2023 12:58:23 INFO SET WRK_DIR G:\prj\BatInspector\BatInspector\bin\Debug\../../../scripts
14.06.2023 12:58:23 INFO start SCRIPT: G:\prj\BatInspector\BatInspector\bin\Debug\../../../scripts\test_if.scr
14.06.2023 12:58:23 INFO execution of script G:\prj\BatInspector\BatInspector\bin\Debug\../../../scripts\test_if.scr completed
14.06.2023 12:58:23 INFO exit SCRIPT: test_if.scr
14.06.2023 12:58:23 INFO GET Result: "AhighBhigh"
14.06.2023 12:58:23 INFO GET Res2: "AhighBhigh"
14.06.2023 12:58:23 INFO SET A 101
14.06.2023 12:58:23 INFO SET B 33
14.06.2023 12:58:23 INFO SET WRK_DIR G:\prj\BatInspector\BatInspector\bin\Debug\../../../scripts
14.06.2023 12:58:23 INFO start SCRIPT: G:\prj\BatInspector\BatInspector\bin\Debug\../../../scripts\test_if.scr
14.06.2023 12:58:23 INFO execution of script G:\prj\BatInspector\BatInspector\bin\Debug\../../../scripts\test_if.scr completed
14.06.2023 12:58:23 INFO exit SCRIPT: test_if.scr
14.06.2023 12:58:23 INFO GET Result: "AhighBlow"
14.06.2023 12:58:23 INFO GET Res2: "AhighBhigh"
14.06.2023 12:58:23 INFO SET Limit 9
14.06.2023 12:58:23 INFO SET b 0
14.06.2023 12:58:23 INFO SET WRK_DIR G:\prj\BatInspector\BatInspector\bin\Debug\../../../scripts
14.06.2023 12:58:23 INFO start SCRIPT: G:\prj\BatInspector\BatInspector\bin\Debug\../../../scripts\test_while.scr
14.06.2023 12:58:23 INFO execution of script G:\prj\BatInspector\BatInspector\bin\Debug\../../../scripts\test_while.scr completed
14.06.2023 12:58:23 INFO exit SCRIPT: test_while.scr
14.06.2023 12:58:23 INFO GET sum: 9
14.06.2023 12:58:23 INFO SET Limit 23
14.06.2023 12:58:23 INFO SET b 0
14.06.2023 12:58:23 INFO SET WRK_DIR G:\prj\BatInspector\BatInspector\bin\Debug\../../../scripts
14.06.2023 12:58:23 INFO start SCRIPT: G:\prj\BatInspector\BatInspector\bin\Debug\../../../scripts\test_while.scr
14.06.2023 12:58:23 INFO execution of script G:\prj\BatInspector\BatInspector\bin\Debug\../../../scripts\test_while.scr completed
14.06.2023 12:58:23 INFO exit SCRIPT: test_while.scr
14.06.2023 12:58:23 INFO GET sum: 23
14.06.2023 12:58:23 INFO SET Limit 9
14.06.2023 12:58:23 INFO SET b 1
14.06.2023 12:58:23 INFO SET WRK_DIR G:\prj\BatInspector\BatInspector\bin\Debug\../../../scripts
14.06.2023 12:58:23 INFO start SCRIPT: G:\prj\BatInspector\BatInspector\bin\Debug\../../../scripts\test_while.scr
14.06.2023 12:58:23 INFO execution of script G:\prj\BatInspector\BatInspector\bin\Debug\../../../scripts\test_while.scr completed
14.06.2023 12:58:23 INFO exit SCRIPT: test_while.scr
14.06.2023 12:58:23 INFO GET sum: 5
14.06.2023 12:58:23 INFO SET Limit 23
14.06.2023 12:58:23 INFO SET b 1
14.06.2023 12:58:23 INFO SET WRK_DIR G:\prj\BatInspector\BatInspector\bin\Debug\../../../scripts
14.06.2023 12:58:23 INFO start SCRIPT: G:\prj\BatInspector\BatInspector\bin\Debug\../../../scripts\test_while.scr
14.06.2023 12:58:23 INFO execution of script G:\prj\BatInspector\BatInspector\bin\Debug\../../../scripts\test_while.scr completed
14.06.2023 12:58:23 INFO exit SCRIPT: test_while.scr
14.06.2023 12:58:23 INFO GET sum: 5
14.06.2023 12:58:23 INFO Testing parser
14.06.2023 12:58:23 ERROR error parsing date: 22
14.06.2023 12:58:23 INFO SET WRK_DIR G:\prj\BatInspector\BatInspector\bin\Debug\../../../scripts
14.06.2023 12:58:23 INFO start SCRIPT: G:\prj\BatInspector\BatInspector\bin\Debug\../../../scripts\test_csv.scr
14.06.2023 12:58:23 DEBUG [Csv] file G:\prj\BatInspector\BatInspector\bin\Debug\../../../scripts/testcsv.csv opened successfully
14.06.2023 12:58:23 INFO C23: 23
14.06.2023 12:58:23 INFO C43: 43
14.06.2023 12:58:23 INFO C55: 55
14.06.2023 12:58:23 INFO C62: 62
14.06.2023 12:58:23 INFO C123: 123
14.06.2023 12:58:23 INFO C23: 23
14.06.2023 12:58:23 INFO Row 2: 23
14.06.2023 12:58:23 INFO Row 3: 33
14.06.2023 12:58:23 INFO Row 4: 43
14.06.2023 12:58:23 INFO Row 5: 53
14.06.2023 12:58:23 INFO Row 6: 63
14.06.2023 12:58:23 INFO Row 7: 73
14.06.2023 12:58:23 INFO execution of script G:\prj\BatInspector\BatInspector\bin\Debug\../../../scripts\test_csv.scr completed
14.06.2023 12:58:23 INFO exit SCRIPT: test_csv.scr
14.06.2023 12:58:23 INFO GET c23: 23
14.06.2023 12:58:23 INFO GET c123: 123
14.06.2023 12:58:23 INFO GET c43: 43
14.06.2023 12:58:23 INFO GET c55: 55
14.06.2023 12:58:23 INFO GET c62: 62
